# JRE version: OpenJDK Runtime Environment Temurin-17.0.10+7 (17.0.10+7) (build 17.0.10+7)
# Java VM: OpenJDK 64-Bit Server VM Temurin-17.0.10+7 (17.0.10+7, mixed mode, tiered, compressed oops, compressed class ptrs, parallel gc, windows-amd64)
GC Precious Log:
 CPUs: 16 total, 16 available
 Memory: 16339M
 Large Page Support: Disabled
 NUMA Support: Disabled
 Compressed Oops: Enabled (32-bit)
 Alignments: Space 512K, Generation 512K, Heap 2M
 Heap Min Capacity: 100M
 Heap Initial Capacity: 100M
 Heap Max Capacity: 1G
 Pre-touch: Disabled
 Parallel Workers: 13
Heap:
 PSYoungGen      total 3584K, used 463K [0x00000000eab00000, 0x00000000eaf80000, 0x0000000100000000)
  eden space 2560K, 0% used [0x00000000eab00000,0x00000000eab00000,0x00000000ead80000)
  from space 1024K, 45% used [0x00000000ead80000,0x00000000eadf3e08,0x00000000eae80000)
  to   space 1024K, 0% used [0x00000000eae80000,0x00000000eae80000,0x00000000eaf80000)
 ParOldGen       total 143360K, used 142840K [0x00000000c0000000, 0x00000000c8c00000, 0x00000000eab00000)
  object space 143360K, 99% used [0x00000000c0000000,0x00000000c8b7e378,0x00000000c8c00000)
 Metaspace       used 97627K, committed 98816K, reserved 1179648K
  class space    used 9536K, committed 10048K, reserved 1048576K
GC Heap History (20 events):
Event: 18784.207 GC heap after
{Heap after GC invocations=17089 (full 400):
 PSYoungGen      total 2048K, used 384K [0x00000000eab00000, 0x00000000eae00000, 0x0000000100000000)
  eden space 1536K, 0% used [0x00000000eab00000,0x00000000eab00000,0x00000000eac80000)
  from space 512K, 75% used [0x00000000ead80000,0x00000000eade0000,0x00000000eae00000)
  to   space 512K, 0% used [0x00000000ead00000,0x00000000ead00000,0x00000000ead80000)
 ParOldGen       total 141824K, used 133820K [0x00000000c0000000, 0x00000000c8a80000, 0x00000000eab00000)
  object space 141824K, 94% used [0x00000000c0000000,0x00000000c82af248,0x00000000c8a80000)
 Metaspace       used 97624K, committed 98816K, reserved 1179648K
  class space    used 9536K, committed 10048K, reserved 1048576K
}
Event: 18784.211 GC heap before
{Heap before GC invocations=17090 (full 400):
 PSYoungGen      total 2048K, used 1884K [0x00000000eab00000, 0x00000000eae00000, 0x0000000100000000)
  eden space 1536K, 97% used [0x00000000eab00000,0x00000000eac77348,0x00000000eac80000)
  from space 512K, 75% used [0x00000000ead80000,0x00000000eade0000,0x00000000eae00000)
  to   space 512K, 0% used [0x00000000ead00000,0x00000000ead00000,0x00000000ead80000)
 ParOldGen       total 141824K, used 133820K [0x00000000c0000000, 0x00000000c8a80000, 0x00000000eab00000)
  object space 141824K, 94% used [0x00000000c0000000,0x00000000c82af248,0x00000000c8a80000)
 Metaspace       used 97624K, committed 98816K, reserved 1179648K
  class space    used 9536K, committed 10048K, reserved 1048576K
}
Event: 18784.212 GC heap after
{Heap after GC invocations=17090 (full 400):
 PSYoungGen      total 2048K, used 487K [0x00000000eab00000, 0x00000000eae80000, 0x0000000100000000)
  eden space 1536K, 0% used [0x00000000eab00000,0x00000000eab00000,0x00000000eac80000)
  from space 512K, 95% used [0x00000000ead00000,0x00000000ead79dc8,0x00000000ead80000)
  to   space 1024K, 0% used [0x00000000ead80000,0x00000000ead80000,0x00000000eae80000)
 ParOldGen       total 141824K, used 134019K [0x00000000c0000000, 0x00000000c8a80000, 0x00000000eab00000)
  object space 141824K, 94% used [0x00000000c0000000,0x00000000c82e0fc8,0x00000000c8a80000)
 Metaspace       used 97624K, committed 98816K, reserved 1179648K
  class space    used 9536K, committed 10048K, reserved 1048576K
}
Event: 18784.214 GC heap before
{Heap before GC invocations=17091 (full 400):
 PSYoungGen      total 2048K, used 2023K [0x00000000eab00000, 0x00000000eae80000, 0x0000000100000000)
  eden space 1536K, 100% used [0x00000000eab00000,0x00000000eac80000,0x00000000eac80000)
  from space 512K, 95% used [0x00000000ead00000,0x00000000ead79dc8,0x00000000ead80000)
  to   space 1024K, 0% used [0x00000000ead80000,0x00000000ead80000,0x00000000eae80000)
 ParOldGen       total 141824K, used 134019K [0x00000000c0000000, 0x00000000c8a80000, 0x00000000eab00000)
  object space 141824K, 94% used [0x00000000c0000000,0x00000000c82e0fc8,0x00000000c8a80000)
 Metaspace       used 97624K, committed 98816K, reserved 1179648K
  class space    used 9536K, committed 10048K, reserved 1048576K
}
Event: 18784.215 GC heap after
{Heap after GC invocations=17091 (full 400):
 PSYoungGen      total 1536K, used 999K [0x00000000eab00000, 0x00000000eb180000, 0x0000000100000000)
  eden space 512K, 0% used [0x00000000eab00000,0x00000000eab00000,0x00000000eab80000)
  from space 1024K, 97% used [0x00000000ead80000,0x00000000eae79dc8,0x00000000eae80000)
  to   space 2048K, 0% used [0x00000000eab80000,0x00000000eab80000,0x00000000ead80000)
 ParOldGen       total 141824K, used 134932K [0x00000000c0000000, 0x00000000c8a80000, 0x00000000eab00000)
  object space 141824K, 95% used [0x00000000c0000000,0x00000000c83c5010,0x00000000c8a80000)
 Metaspace       used 97624K, committed 98816K, reserved 1179648K
  class space    used 9536K, committed 10048K, reserved 1048576K
}
Event: 18784.216 GC heap before
{Heap before GC invocations=17092 (full 400):
 PSYoungGen      total 1536K, used 1511K [0x00000000eab00000, 0x00000000eb180000, 0x0000000100000000)
  eden space 512K, 99% used [0x00000000eab00000,0x00000000eab7fff8,0x00000000eab80000)
  from space 1024K, 97% used [0x00000000ead80000,0x00000000eae79dc8,0x00000000eae80000)
  to   space 2048K, 0% used [0x00000000eab80000,0x00000000eab80000,0x00000000ead80000)
 ParOldGen       total 141824K, used 134932K [0x00000000c0000000, 0x00000000c8a80000, 0x00000000eab00000)
  object space 141824K, 95% used [0x00000000c0000000,0x00000000c83c5010,0x00000000c8a80000)
 Metaspace       used 97624K, committed 98816K, reserved 1179648K
  class space    used 9536K, committed 10048K, reserved 1048576K
}
Event: 18784.217 GC heap after
{Heap after GC invocations=17092 (full 400):
 PSYoungGen      total 2560K, used 640K [0x00000000eab00000, 0x00000000eaf00000, 0x0000000100000000)
  eden space 512K, 0% used [0x00000000eab00000,0x00000000eab00000,0x00000000eab80000)
  from space 2048K, 31% used [0x00000000eab80000,0x00000000eac20000,0x00000000ead80000)
  to   space 1536K, 0% used [0x00000000ead80000,0x00000000ead80000,0x00000000eaf00000)
 ParOldGen       total 141824K, used 135971K [0x00000000c0000000, 0x00000000c8a80000, 0x00000000eab00000)
  object space 141824K, 95% used [0x00000000c0000000,0x00000000c84c8dd8,0x00000000c8a80000)
 Metaspace       used 97624K, committed 98816K, reserved 1179648K
  class space    used 9536K, committed 10048K, reserved 1048576K
}
Event: 18784.219 GC heap before
{Heap before GC invocations=17093 (full 400):
 PSYoungGen      total 2560K, used 1152K [0x00000000eab00000, 0x00000000eaf00000, 0x0000000100000000)
  eden space 512K, 100% used [0x00000000eab00000,0x00000000eab80000,0x00000000eab80000)
  from space 2048K, 31% used [0x00000000eab80000,0x00000000eac20000,0x00000000ead80000)
  to   space 1536K, 0% used [0x00000000ead80000,0x00000000ead80000,0x00000000eaf00000)
 ParOldGen       total 141824K, used 135971K [0x00000000c0000000, 0x00000000c8a80000, 0x00000000eab00000)
  object space 141824K, 95% used [0x00000000c0000000,0x00000000c84c8dd8,0x00000000c8a80000)
 Metaspace       used 97624K, committed 98816K, reserved 1179648K
  class space    used 9536K, committed 10048K, reserved 1048576K
}
Event: 18784.220 GC heap after
{Heap after GC invocations=17093 (full 400):
 PSYoungGen      total 2048K, used 672K [0x00000000eab00000, 0x00000000eae80000, 0x0000000100000000)
  eden space 1024K, 0% used [0x00000000eab00000,0x00000000eab00000,0x00000000eac00000)
  from space 1024K, 65% used [0x00000000ead80000,0x00000000eae28000,0x00000000eae80000)
  to   space 1024K, 0% used [0x00000000eac80000,0x00000000eac80000,0x00000000ead80000)
 ParOldGen       total 141824K, used 136475K [0x00000000c0000000, 0x00000000c8a80000, 0x00000000eab00000)
  object space 141824K, 96% used [0x00000000c0000000,0x00000000c8546dd8,0x00000000c8a80000)
 Metaspace       used 97624K, committed 98816K, reserved 1179648K
  class space    used 9536K, committed 10048K, reserved 1048576K
}
Event: 18784.222 GC heap before
{Heap before GC invocations=17094 (full 400):
 PSYoungGen      total 2048K, used 1696K [0x00000000eab00000, 0x00000000eae80000, 0x0000000100000000)
  eden space 1024K, 100% used [0x00000000eab00000,0x00000000eac00000,0x00000000eac00000)
  from space 1024K, 65% used [0x00000000ead80000,0x00000000eae28000,0x00000000eae80000)
  to   space 1024K, 0% used [0x00000000eac80000,0x00000000eac80000,0x00000000ead80000)
 ParOldGen       total 141824K, used 136475K [0x00000000c0000000, 0x00000000c8a80000, 0x00000000eab00000)
  object space 141824K, 96% used [0x00000000c0000000,0x00000000c8546dd8,0x00000000c8a80000)
 Metaspace       used 97624K, committed 98816K, reserved 1179648K
  class space    used 9536K, committed 10048K, reserved 1048576K
}
Event: 18784.224 GC heap after
{Heap after GC invocations=17094 (full 400):
 PSYoungGen      total 2560K, used 1024K [0x00000000eab00000, 0x00000000eb080000, 0x0000000100000000)
  eden space 1536K, 0% used [0x00000000eab00000,0x00000000eab00000,0x00000000eac80000)
  from space 1024K, 100% used [0x00000000eac80000,0x00000000ead80000,0x00000000ead80000)
  to   space 2048K, 0% used [0x00000000eae80000,0x00000000eae80000,0x00000000eb080000)
 ParOldGen       total 141824K, used 137051K [0x00000000c0000000, 0x00000000c8a80000, 0x00000000eab00000)
  object space 141824K, 96% used [0x00000000c0000000,0x00000000c85d6dd8,0x00000000c8a80000)
 Metaspace       used 97624K, committed 98816K, reserved 1179648K
  class space    used 9536K, committed 10048K, reserved 1048576K
}
Event: 18784.228 GC heap before
{Heap before GC invocations=17095 (full 400):
 PSYoungGen      total 2560K, used 2559K [0x00000000eab00000, 0x00000000eb080000, 0x0000000100000000)
  eden space 1536K, 99% used [0x00000000eab00000,0x00000000eac7fff0,0x00000000eac80000)
  from space 1024K, 100% used [0x00000000eac80000,0x00000000ead80000,0x00000000ead80000)
  to   space 2048K, 0% used [0x00000000eae80000,0x00000000eae80000,0x00000000eb080000)
 ParOldGen       total 141824K, used 137051K [0x00000000c0000000, 0x00000000c8a80000, 0x00000000eab00000)
  object space 141824K, 96% used [0x00000000c0000000,0x00000000c85d6dd8,0x00000000c8a80000)
 Metaspace       used 97624K, committed 98816K, reserved 1179648K
  class space    used 9536K, committed 10048K, reserved 1048576K
}
Event: 18784.229 GC heap after
{Heap after GC invocations=17095 (full 400):
 PSYoungGen      total 3584K, used 832K [0x00000000eab00000, 0x00000000eb000000, 0x0000000100000000)
  eden space 2048K, 0% used [0x00000000eab00000,0x00000000eab00000,0x00000000ead00000)
  from space 1536K, 54% used [0x00000000eae80000,0x00000000eaf50000,0x00000000eb000000)
  to   space 1536K, 0% used [0x00000000ead00000,0x00000000ead00000,0x00000000eae80000)
 ParOldGen       total 141824K, used 138043K [0x00000000c0000000, 0x00000000c8a80000, 0x00000000eab00000)
  object space 141824K, 97% used [0x00000000c0000000,0x00000000c86cedd8,0x00000000c8a80000)
 Metaspace       used 97624K, committed 98816K, reserved 1179648K
  class space    used 9536K, committed 10048K, reserved 1048576K
}
Event: 18784.235 GC heap before
{Heap before GC invocations=17096 (full 400):
 PSYoungGen      total 3584K, used 2879K [0x00000000eab00000, 0x00000000eb000000, 0x0000000100000000)
  eden space 2048K, 99% used [0x00000000eab00000,0x00000000eacffeb8,0x00000000ead00000)
  from space 1536K, 54% used [0x00000000eae80000,0x00000000eaf50000,0x00000000eb000000)
  to   space 1536K, 0% used [0x00000000ead00000,0x00000000ead00000,0x00000000eae80000)
 ParOldGen       total 141824K, used 138043K [0x00000000c0000000, 0x00000000c8a80000, 0x00000000eab00000)
  object space 141824K, 97% used [0x00000000c0000000,0x00000000c86cedd8,0x00000000c8a80000)
 Metaspace       used 97624K, committed 98816K, reserved 1179648K
  class space    used 9536K, committed 10048K, reserved 1048576K
}
Event: 18784.235 GC heap after
{Heap after GC invocations=17096 (full 400):
 PSYoungGen      total 3584K, used 896K [0x00000000eab00000, 0x00000000eaf80000, 0x0000000100000000)
  eden space 2048K, 0% used [0x00000000eab00000,0x00000000eab00000,0x00000000ead00000)
  from space 1536K, 58% used [0x00000000ead00000,0x00000000eade0000,0x00000000eae80000)
  to   space 1024K, 0% used [0x00000000eae80000,0x00000000eae80000,0x00000000eaf80000)
 ParOldGen       total 141824K, used 138731K [0x00000000c0000000, 0x00000000c8a80000, 0x00000000eab00000)
  object space 141824K, 97% used [0x00000000c0000000,0x00000000c877af18,0x00000000c8a80000)
 Metaspace       used 97624K, committed 98816K, reserved 1179648K
  class space    used 9536K, committed 10048K, reserved 1048576K
}
Event: 18784.252 GC heap before
{Heap before GC invocations=17097 (full 400):
 PSYoungGen      total 3584K, used 2944K [0x00000000eab00000, 0x00000000eaf80000, 0x0000000100000000)
  eden space 2048K, 100% used [0x00000000eab00000,0x00000000ead00000,0x00000000ead00000)
  from space 1536K, 58% used [0x00000000ead00000,0x00000000eade0000,0x00000000eae80000)
  to   space 1024K, 0% used [0x00000000eae80000,0x00000000eae80000,0x00000000eaf80000)
 ParOldGen       total 141824K, used 140211K [0x00000000c0000000, 0x00000000c8a80000, 0x00000000eab00000)
  object space 141824K, 98% used [0x00000000c0000000,0x00000000c88ecc30,0x00000000c8a80000)
 Metaspace       used 97627K, committed 98816K, reserved 1179648K
  class space    used 9536K, committed 10048K, reserved 1048576K
}
Event: 18784.253 GC heap after
{Heap after GC invocations=17097 (full 400):
 PSYoungGen      total 3584K, used 768K [0x00000000eab00000, 0x00000000eaf80000, 0x0000000100000000)
  eden space 2560K, 0% used [0x00000000eab00000,0x00000000eab00000,0x00000000ead80000)
  from space 1024K, 75% used [0x00000000eae80000,0x00000000eaf40020,0x00000000eaf80000)
  to   space 1024K, 0% used [0x00000000ead80000,0x00000000ead80000,0x00000000eae80000)
 ParOldGen       total 141824K, used 140909K [0x00000000c0000000, 0x00000000c8a80000, 0x00000000eab00000)
  object space 141824K, 99% used [0x00000000c0000000,0x00000000c899b630,0x00000000c8a80000)
 Metaspace       used 97627K, committed 98816K, reserved 1179648K
  class space    used 9536K, committed 10048K, reserved 1048576K
}
Event: 18784.259 GC heap before
{Heap before GC invocations=17098 (full 400):
 PSYoungGen      total 3584K, used 3325K [0x00000000eab00000, 0x00000000eaf80000, 0x0000000100000000)
  eden space 2560K, 99% used [0x00000000eab00000,0x00000000ead7f6d0,0x00000000ead80000)
  from space 1024K, 75% used [0x00000000eae80000,0x00000000eaf40020,0x00000000eaf80000)
  to   space 1024K, 0% used [0x00000000ead80000,0x00000000ead80000,0x00000000eae80000)
 ParOldGen       total 143360K, used 142388K [0x00000000c0000000, 0x00000000c8c00000, 0x00000000eab00000)
  object space 143360K, 99% used [0x00000000c0000000,0x00000000c8b0d348,0x00000000c8c00000)
 Metaspace       used 97627K, committed 98816K, reserved 1179648K
  class space    used 9536K, committed 10048K, reserved 1048576K
}
Event: 18784.260 GC heap after
{Heap after GC invocations=17098 (full 400):
 PSYoungGen      total 3584K, used 463K [0x00000000eab00000, 0x00000000eaf80000, 0x0000000100000000)
  eden space 2560K, 0% used [0x00000000eab00000,0x00000000eab00000,0x00000000ead80000)
  from space 1024K, 45% used [0x00000000ead80000,0x00000000eadf3e08,0x00000000eae80000)
  to   space 1024K, 0% used [0x00000000eae80000,0x00000000eae80000,0x00000000eaf80000)
 ParOldGen       total 143360K, used 142840K [0x00000000c0000000, 0x00000000c8c00000, 0x00000000eab00000)
  object space 143360K, 99% used [0x00000000c0000000,0x00000000c8b7e378,0x00000000c8c00000)
 Metaspace       used 97627K, committed 98816K, reserved 1179648K
  class space    used 9536K, committed 10048K, reserved 1048576K
}
Event: 18784.260 GC heap before
{Heap before GC invocations=17099 (full 401):
 PSYoungGen      total 3584K, used 463K [0x00000000eab00000, 0x00000000eaf80000, 0x0000000100000000)
  eden space 2560K, 0% used [0x00000000eab00000,0x00000000eab00000,0x00000000ead80000)
  from space 1024K, 45% used [0x00000000ead80000,0x00000000eadf3e08,0x00000000eae80000)
  to   space 1024K, 0% used [0x00000000eae80000,0x00000000eae80000,0x00000000eaf80000)
 ParOldGen       total 143360K, used 142840K [0x00000000c0000000, 0x00000000c8c00000, 0x00000000eab00000)
  object space 143360K, 99% used [0x00000000c0000000,0x00000000c8b7e378,0x00000000c8c00000)
 Metaspace       used 97627K, committed 98816K, reserved 1179648K
  class space    used 9536K, committed 10048K, reserved 1048576K
}

